#
# There is insufficient memory for the Java Runtime Environment to continue.
# Native memory allocation (mmap) failed to map 134217728 bytes for G1 virtual space
# Possible reasons:
#   The system is out of physical RAM or swap space
#   The process is running with CompressedOops enabled, and the Java Heap may be blocking the growth of the native heap
# Possible solutions:
#   Reduce memory load on the system
#   Increase physical memory or swap space
#   Check if swap backing store is full
#   Decrease Java heap size (-Xmx/-Xms)
#   Decrease number of Java threads
#   Decrease Java thread stack sizes (-Xss)
#   Set larger code cache with -XX:ReservedCodeCacheSize=
#   JVM is running with Unscaled Compressed Oops mode in which the Java heap is
#     placed in the first 4GB address space. The Java Heap base address is the
#     maximum limit for the native heap growth. Please use -XX:HeapBaseMinAddress
#     to set the Java Heap base and to place the Java Heap above 4GB virtual address.
# This output file may be truncated or incomplete.
#
#  Out of Memory Error (os_windows.cpp:3535), pid=15808, tid=15912
#
# JRE version:  (17.0.3.1+2) (build )
# Java VM: Java HotSpot(TM) 64-Bit Server VM (17.0.3.1+2-LTS-6, mixed mode, sharing, tiered, compressed oops, compressed class ptrs, g1 gc, windows-amd64)
# No core dump will be written. Minidumps are not enabled by default on client versions of Windows
#

---------------  S U M M A R Y ------------

Command Line: -javaagent:C:\Program Files\JetBrains\IntelliJ IDEA 2022.1.3\lib\idea_rt.jar=60061:C:\Program Files\JetBrains\IntelliJ IDEA 2022.1.3\bin -Dfile.encoding=UTF-8 org.example.Main

Host: Intel(R) Core(TM) i5-8250U CPU @ 1.60GHz, 8 cores, 7G,  Windows 10 , 64 bit Build 19041 (10.0.19041.2251)
Time: Thu Nov 24 17:06:53 2022  Windows 10 , 64 bit Build 19041 (10.0.19041.2251) elapsed time: 0.016368 seconds (0d 0h 0m 0s)

---------------  T H R E A D  ---------------

Current thread (0x00000185ead4db60):  JavaThread "Unknown thread" [_thread_in_vm, id=15912, stack(0x000000719b500000,0x000000719b600000)]

Stack: [0x000000719b500000,0x000000719b600000]
Native frames: (J=compiled Java code, j=interpreted, Vv=VM code, C=native code)
V  [jvm.dll+0x6711ba]
V  [jvm.dll+0x7d0834]
V  [jvm.dll+0x7d1fde]
V  [jvm.dll+0x7d2643]
V  [jvm.dll+0x242c85]
V  [jvm.dll+0x66e0d9]
V  [jvm.dll+0x662a22]
V  [jvm.dll+0x300ddb]
V  [jvm.dll+0x308376]
V  [jvm.dll+0x357f7e]
V  [jvm.dll+0x3581af]
V  [jvm.dll+0x2d7ff8]
V  [jvm.dll+0x2d8f64]
V  [jvm.dll+0x7a2411]
V  [jvm.dll+0x365d01]
V  [jvm.dll+0x78187c]
V  [jvm.dll+0x3e873f]
V  [jvm.dll+0x3ea1e1]
C  [jli.dll+0x527b]
C  [ucrtbase.dll+0x21bb2]
C  [KERNEL32.DLL+0x174b4]
C  [ntdll.dll+0x526a1]


---------------  P R O C E S S  ---------------

Threads class SMR info:
_java_thread_list=0x00007ffbc7db9858, length=0, elements={
}

Java Threads: ( => current thread )

Other Threads:
  0x00000185eada8d10 GCTaskThread "GC Thread#0" [stack: 0x000000719b600000,0x000000719b700000] [id=15940]
  0x00000185eadb98d0 ConcurrentGCThread "G1 Main Marker" [stack: 0x000000719b700000,0x000000719b800000] [id=15944]
  0x00000185eadbaa80 ConcurrentGCThread "G1 Conc#0" [stack: 0x000000719b800000,0x000000719b900000] [id=15948]

[error occurred during error reporting (printing all threads), id 0xc0000005, EXCEPTION_ACCESS_VIOLATION (0xc0000005) at pc=0x00007ffbc76089e7]

VM state: not at safepoint (not fully initialized)

VM Mutex/Monitor currently owned by a thread:  ([mutex/lock_event])
[0x00000185ead494a0] Heap_lock - owner thread: 0x00000185ead4db60

Heap address: 0x0000000081c00000, size: 2020 MB, Compressed Oops mode: 32-bit

CDS archive(s) mapped at: [0x0000000000000000-0x0000000000000000-0x0000000000000000), size 0, SharedBaseAddress: 0x0000000800000000, ArchiveRelocationMode: 0.
Narrow klass base: 0x0000000000000000, Narrow klass shift: 0, Narrow klass range: 0x0

GC Precious Log:
<Empty>

Heap:
 garbage-first heap   total 0K, used 0K [0x0000000081c00000, 0x0000000100000000)
  region size 1024K, 0 young (0K), 0 survivors (0K)

[error occurred during error reporting (printing heap information), id 0xc0000005, EXCEPTION_ACCESS_VIOLATION (0xc0000005) at pc=0x00007ffbc79ea629]

GC Heap History (0 events):
No events

Deoptimization events (0 events):
No events

Classes unloaded (0 events):
No events

Classes redefined (0 events):
No events

Internal exceptions (0 events):
No events

VM Operations (0 events):
No events

Events (1 events):
Event: 0.011 Loaded shared library C:\Program Files\Java\jdk-17.0.3.1\bin\java.dll


Dynamic libraries:
0x00007ff728da0000 - 0x00007ff728db0000 	C:\Program Files\Java\jdk-17.0.3.1\bin\java.exe
0x00007ffc20c10000 - 0x00007ffc20e08000 	C:\WINDOWS\SYSTEM32\ntdll.dll
0x00007ffc20620000 - 0x00007ffc206df000 	C:\WINDOWS\System32\KERNEL32.DLL
0x00007ffc1e630000 - 0x00007ffc1e902000 	C:\WINDOWS\System32\KERNELBASE.dll
0x00007ffc1e910000 - 0x00007ffc1ea10000 	C:\WINDOWS\System32\ucrtbase.dll
0x00007ffbe3020000 - 0x00007ffbe303a000 	C:\Program Files\Java\jdk-17.0.3.1\bin\VCRUNTIME140.dll
0x00007ffbe3040000 - 0x00007ffbe3058000 	C:\Program Files\Java\jdk-17.0.3.1\bin\jli.dll
0x00007ffc1edb0000 - 0x00007ffc1ee5e000 	C:\WINDOWS\System32\ADVAPI32.dll
0x00007ffc20b00000 - 0x00007ffc20b9e000 	C:\WINDOWS\System32\msvcrt.dll
0x00007ffc20970000 - 0x00007ffc20a0c000 	C:\WINDOWS\System32\sechost.dll
0x00007ffc20230000 - 0x00007ffc20355000 	C:\WINDOWS\System32\RPCRT4.dll
0x00007ffc1f720000 - 0x00007ffc1f8bd000 	C:\WINDOWS\System32\USER32.dll
0x00007ffc04e80000 - 0x00007ffc0511a000 	C:\WINDOWS\WinSxS\amd64_microsoft.windows.common-controls_6595b64144ccf1df_6.0.19041.1110_none_60b5254171f9507e\COMCTL32.dll
0x00007ffc1eab0000 - 0x00007ffc1ead2000 	C:\WINDOWS\System32\win32u.dll
0x00007ffc1ec30000 - 0x00007ffc1ec5b000 	C:\WINDOWS\System32\GDI32.dll
0x00007ffc1e2e0000 - 0x00007ffc1e3ef000 	C:\WINDOWS\System32\gdi32full.dll
0x00007ffc1ea10000 - 0x00007ffc1eaad000 	C:\WINDOWS\System32\msvcp_win.dll
0x00007ffc171e0000 - 0x00007ffc171ea000 	C:\WINDOWS\SYSTEM32\VERSION.dll
0x00007ffc1ecc0000 - 0x00007ffc1ecf2000 	C:\WINDOWS\System32\IMM32.DLL
0x00007ffc180e0000 - 0x00007ffc180ec000 	C:\Program Files\Java\jdk-17.0.3.1\bin\vcruntime140_1.dll
0x00007ffbe2eb0000 - 0x00007ffbe2f3d000 	C:\Program Files\Java\jdk-17.0.3.1\bin\msvcp140.dll
0x00007ffbc7320000 - 0x00007ffbc7ee0000 	C:\Program Files\Java\jdk-17.0.3.1\bin\server\jvm.dll
0x00007ffc20960000 - 0x00007ffc20968000 	C:\WINDOWS\System32\PSAPI.DLL
0x00007ffc083b0000 - 0x00007ffc083d7000 	C:\WINDOWS\SYSTEM32\WINMM.dll
0x00007ffc06740000 - 0x00007ffc06749000 	C:\WINDOWS\SYSTEM32\WSOCK32.dll
0x00007ffc1fa70000 - 0x00007ffc1fadb000 	C:\WINDOWS\System32\WS2_32.dll
0x00007ffc1cb40000 - 0x00007ffc1cb52000 	C:\WINDOWS\SYSTEM32\kernel.appcore.dll
0x00007ffbf5240000 - 0x00007ffbf524a000 	C:\Program Files\Java\jdk-17.0.3.1\bin\jimage.dll
0x00007ffc1c050000 - 0x00007ffc1c234000 	C:\WINDOWS\SYSTEM32\DBGHELP.DLL
0x00007ffc06360000 - 0x00007ffc0638c000 	C:\WINDOWS\SYSTEM32\dbgcore.DLL
0x00007ffc1e5a0000 - 0x00007ffc1e622000 	C:\WINDOWS\System32\bcryptPrimitives.dll
0x00007ffc195f0000 - 0x00007ffc195fe000 	C:\Program Files\Java\jdk-17.0.3.1\bin\instrument.dll
0x00007ffbe2ff0000 - 0x00007ffbe3015000 	C:\Program Files\Java\jdk-17.0.3.1\bin\java.dll

dbghelp: loaded successfully - version: 4.0.5 - missing functions: none
symbol engine: initialized successfully - sym options: 0x614 - pdb path: .;C:\Program Files\Java\jdk-17.0.3.1\bin;C:\WINDOWS\SYSTEM32;C:\WINDOWS\WinSxS\amd64_microsoft.windows.common-controls_6595b64144ccf1df_6.0.19041.1110_none_60b5254171f9507e;C:\Program Files\Java\jdk-17.0.3.1\bin\server

VM Arguments:
jvm_args: -javaagent:C:\Program Files\JetBrains\IntelliJ IDEA 2022.1.3\lib\idea_rt.jar=60061:C:\Program Files\JetBrains\IntelliJ IDEA 2022.1.3\bin -Dfile.encoding=UTF-8 
java_command: org.example.Main
java_class_path (initial): D:\IdeaProjects\Lab2\Task1\target\classes;C:\Users\semey\.m2\repository\org\projectlombok\lombok\1.18.24\lombok-1.18.24.jar
Launcher Type: SUN_STANDARD

[Global flags]
     intx CICompilerCount                          = 4                                         {product} {ergonomic}
     uint ConcGCThreads                            = 2                                         {product} {ergonomic}
     uint G1ConcRefinementThreads                  = 8                                         {product} {ergonomic}
   size_t G1HeapRegionSize                         = 1048576                                   {product} {ergonomic}
    uintx GCDrainStackTargetSize                   = 64                                        {product} {ergonomic}
   size_t InitialHeapSize                          = 134217728                                 {product} {ergonomic}
   size_t MarkStackSize                            = 4194304                                   {product} {ergonomic}
   size_t MaxHeapSize                              = 2118123520                                {product} {ergonomic}
   size_t MinHeapDeltaBytes                        = 1048576                                   {product} {ergonomic}
   size_t MinHeapSize                              = 8388608                                   {product} {ergonomic}
    uintx NonNMethodCodeHeapSize                   = 5839372                                {pd product} {ergonomic}
    uintx NonProfiledCodeHeapSize                  = 122909434                              {pd product} {ergonomic}
    uintx ProfiledCodeHeapSize                     = 122909434                              {pd product} {ergonomic}
    uintx ReservedCodeCacheSize                    = 251658240                              {pd product} {ergonomic}
     bool SegmentedCodeCache                       = true                                      {product} {ergonomic}
   size_t SoftMaxHeapSize                          = 2118123520                             {manageable} {ergonomic}
     bool UseCompressedClassPointers               = true                           {product lp64_product} {ergonomic}
     bool UseCompressedOops                        = true                           {product lp64_product} {ergonomic}
     bool UseG1GC                                  = true                                      {product} {ergonomic}
     bool UseLargePagesIndividualAllocation        = false                                  {pd product} {ergonomic}

Logging:
Log output configuration:
 #0: stdout all=warning uptime,level,tags
 #1: stderr all=off uptime,level,tags

Environment Variables:
JAVA_HOME=C:\Program Files\Java\jdk-17.0.3.1
PATH=C:\app\Let\product\21c\dbhomeXE\bin;C:\app\Anna\product\21c\dbhomeXE\bin;C:\Oracle\oraclexe\dbhomeXE\bin;C:\Users\semey\oracle\dbhomeXE\bin;C:\Oracle\dbhomeXE\bin;C:\Program Files\Java\jdk-17.0.3.1\bin;C:\Program Files\Common Files\Oracle\Java\javapath;C:\Program Files (x86)\Common Files\Oracle\Java\javapath;C:\Program Files\Microsoft HPC Pack 2008 SDK\Bin\;C:\WINDOWS\system32;C:\WINDOWS;C:\WINDOWS\System32\Wbem;C:\WINDOWS\System32\WindowsPowerShell\v1.0\;C:\WINDOWS\System32\OpenSSH\;C:\Program Files\dotnet\;C:\Program Files\Microsoft SQL Server\130\Tools\Binn\;C:\Program Files (x86)\Rational\common;C:\Program Files\m1\apache-maven-3.8.5\bin;C:\Program Files\Java\jdk1.8.0_202\bin;;C:\Program Files\Docker\Docker\resources\bin;C:\ProgramData\DockerDesktop\version-bin;C:\Users\semey\Anaconda3;C:\Users\semey\Anaconda3\Library\mingw-w64\bin;C:\Users\semey\Anaconda3\Library\usr\bin;C:\Users\semey\Anaconda3\Library\bin;C:\Users\semey\Anaconda3\Scripts;C:\Users\semey\AppData\Local\Microsoft\WindowsApps;;C:\Users\semey\AppData\Local\Programs\Microsoft VS Code\bin;C:\Program Files\JetBrains\IntelliJ IDEA 2022.1.3\bin;
USERNAME=Let
OS=Windows_NT
PROCESSOR_IDENTIFIER=Intel64 Family 6 Model 142 Stepping 10, GenuineIntel



---------------  S Y S T E M  ---------------

OS:
 Windows 10 , 64 bit Build 19041 (10.0.19041.2251)
OS uptime: 0 days 4:30 hours
Hyper-V role detected

CPU: total 8 (initial active 8) (4 cores per cpu, 2 threads per core) family 6 model 142 stepping 10 microcode 0xb4, cx8, cmov, fxsr, ht, mmx, 3dnowpref, sse, sse2, sse3, ssse3, sse4.1, sse4.2, popcnt, lzcnt, tsc, tscinvbit, avx, avx2, aes, erms, clmul, bmi1, bmi2, adx, fma, vzeroupper, clflush, clflushopt, hv

Memory: 4k page, system-wide physical 8075M (500M free)
TotalPageFile size 13025M (AvailPageFile size 121M)
current process WorkingSet (physical memory assigned to process): 10M, peak: 10M
current process commit charge ("private bytes"): 60M, peak: 188M

vm_info: Java HotSpot(TM) 64-Bit Server VM (17.0.3.1+2-LTS-6) for windows-amd64 JRE (17.0.3.1+2-LTS-6), built on Apr 25 2022 22:04:21 by "mach5one" with MS VC++ 16.8 / 16.9 (VS2019)

END.
